#
# A fatal error has been detected by the Java Runtime Environment:
#
#  EXCEPTION_ACCESS_VIOLATION (0xc0000005) at pc=0x000001e4eb5ac38f, pid=9972, tid=7040
#
# JRE version: Java(TM) SE Runtime Environment (11.0.1+13) (build 11.0.1+13-LTS)
# Java VM: Java HotSpot(TM) 64-Bit Server VM (11.0.1+13-LTS, mixed mode, tiered, compressed oops, g1 gc, windows-amd64)
# Problematic frame:
# j  grouping.Group.main([Ljava/lang/String;)V+135
#
# No core dump will be written. Minidumps are not enabled by default on client versions of Windows
#
# If you would like to submit a bug report, please visit:
#   http://bugreport.java.com/bugreport/crash.jsp
#

---------------  S U M M A R Y ------------

Command Line: -agentlib:jdwp=transport=dt_socket,suspend=y,address=localhost:52907 -javaagent:C:\Users\light\eclipse\jee-2018-12\eclipse\configuration\org.eclipse.osgi\405\0\.cp\lib\javaagent-shaded.jar -Dfile.encoding=Cp1252 grouping.Group

Host: Intel(R) Core(TM) i5-3330 CPU @ 3.00GHz, 4 cores, 7G,  Windows 10 , 64 bit Build 17134 (10.0.17134.1)
Time: Tue Jan  1 01:03:30 2019 E. South America Daylight Time elapsed time: 208 seconds (0d 0h 3m 28s)

---------------  T H R E A D  ---------------

Current thread (0x000001e4e3257000):  JavaThread "main" [_thread_in_Java, id=7040, stack(0x0000004f62500000,0x0000004f62600000)]

Stack: [0x0000004f62500000,0x0000004f62600000],  sp=0x0000004f625ff588,  free space=1021k
Native frames: (J=compiled Java code, j=interpreted, Vv=VM code, C=native code)
C  0x000001e4eb5ac38f


siginfo: EXCEPTION_ACCESS_VIOLATION (0xc0000005), reading address 0x00000007fae82fc0


Register to memory mapping:

RIP=0x000001e4eb5ac38f is at code_begin+1103 in an Interpreter codelet
invokevirtual  182 invokevirtual  [0x000001e4eb5abf40, 0x000001e4eb5ac500]  1472 bytes
RAX=0x00000007fae82dc0 is an unknown value
RBX=0x0000000000000006 is an unknown value
RCX={method} {0x000001e4ff5d0618} '<init>' '()V' in 'java/lang/Object'
RDX=
[error occurred during error reporting (printing register info), id 0xc0000005, EXCEPTION_ACCESS_VIOLATION (0xc0000005) at pc=0x00007ffb04304d76]

Registers:
RAX=0x00000007fae82dc0, RBX=0x0000000000000006, RCX=0x000001e4ff5d0610, RDX=0x0000000090000002
RSP=0x0000004f625ff588, RBP=0x0000004f625ff5e8, RSI=0x0000000000000000, RDI=0x0000000020200020
R8 =0x0000000000000002, R9 =0x0000000000000002, R10=0x00007ffb04a9c6b0, R11=0x0000004f625ff558
R12=0x0000000000000000, R13=0x000001e4ffd9efaf, R14=0x0000000000000000, R15=0x000001e4e3257000
RIP=0x000001e4eb5ac38f, EFLAGS=0x0000000000010246

Top of Stack: (sp=0x0000004f625ff588)
0x0000004f625ff588:   000001e4eb58c948 00000000899a4968
0x0000004f625ff598:   000001e4ff5d0610 0000004f625ff5a0
0x0000004f625ff5a8:   000001e4ffd9efaf 0000004f625ff630
0x0000004f625ff5b8:   000001e4ffd9f2c8 0000000000000000
0x0000004f625ff5c8:   00000000899952f0 000001e4ffd9f040
0x0000004f625ff5d8:   0000000000000000 0000004f625ff630
0x0000004f625ff5e8:   0000004f625ff810 000001e4eb580a90
0x0000004f625ff5f8:   00000000899aeeb8 00000000899a4f48
0x0000004f625ff608:   00000000899a4de0 00000000899a4948
0x0000004f625ff618:   00000000899a8de0 00000000899a4dc8
0x0000004f625ff628:   00000000899a47c8 00000000899a4690
0x0000004f625ff638:   0000000000000000 000001e4e1190000
0x0000004f625ff648:   00007ffb042ef172 0000000000000000
0x0000004f625ff658:   0000000000000000 0000000000000000
0x0000004f625ff668:   0000000000000000 0000000000000000
0x0000004f625ff678:   0000000000000000 0000000100000000 

Instructions: (pc=0x000001e4eb5ac38f)
0x000001e4eb5ac36f:   01 49 83 5e 30 00 e9 0d 00 00 00 49 89 46 18 ba
0x000001e4eb5ac37f:   01 00 00 00 49 89 56 20 49 83 c6 38 4c 89 75 d8
0x000001e4eb5ac38f:   48 8b 9c d8 d0 01 00 00 48 8b 55 d8 48 85 d2 0f
0x000001e4eb5ac39f:   84 2f 01 00 00 80 7a c8 0b 0f 85 25 01 00 00 48 


invokevirtual  182 invokevirtual  [0x000001e4eb5abf40, 0x000001e4eb5ac500]  1472 bytes

---------------  P R O C E S S  ---------------

Threads class SMR info:
_java_thread_list=0x000001e48230f790, length=13, elements={
0x000001e4e3257000, 0x000001e4ff5a7800, 0x000001e482008800, 0x000001e482068800,
0x000001e482069800, 0x000001e482018800, 0x000001e48201f000, 0x000001e482080800,
0x000001e4ff560000, 0x000001e4827b8000, 0x000001e4827f4800, 0x000001e482322800,
0x000001e482317000
}

Java Threads: ( => current thread )
=>0x000001e4e3257000 JavaThread "main" [_thread_in_Java, id=7040, stack(0x0000004f62500000,0x0000004f62600000)]
  0x000001e4ff5a7800 JavaThread "Reference Handler" daemon [_thread_blocked, id=11488, stack(0x0000004f62c00000,0x0000004f62d00000)]
  0x000001e482008800 JavaThread "Finalizer" daemon [_thread_blocked, id=11348, stack(0x0000004f62d00000,0x0000004f62e00000)]
  0x000001e482068800 JavaThread "Signal Dispatcher" daemon [_thread_blocked, id=7988, stack(0x0000004f62e00000,0x0000004f62f00000)]
  0x000001e482069800 JavaThread "Attach Listener" daemon [_thread_blocked, id=6276, stack(0x0000004f62f00000,0x0000004f63000000)]
  0x000001e482018800 JavaThread "C2 CompilerThread0" daemon [_thread_blocked, id=13120, stack(0x0000004f63000000,0x0000004f63100000)]
  0x000001e48201f000 JavaThread "C1 CompilerThread0" daemon [_thread_blocked, id=10876, stack(0x0000004f63100000,0x0000004f63200000)]
  0x000001e482080800 JavaThread "Sweeper thread" daemon [_thread_blocked, id=5800, stack(0x0000004f63200000,0x0000004f63300000)]
  0x000001e4ff560000 JavaThread "Common-Cleaner" daemon [_thread_blocked, id=4064, stack(0x0000004f63300000,0x0000004f63400000)]
  0x000001e4827b8000 JavaThread "JDWP Transport Listener: dt_socket" daemon [_thread_blocked, id=820, stack(0x0000004f63400000,0x0000004f63500000)]
  0x000001e4827f4800 JavaThread "JDWP Event Helper Thread" daemon [_thread_blocked, id=7176, stack(0x0000004f63500000,0x0000004f63600000)]
  0x000001e482322800 JavaThread "JDWP Command Reader" daemon [_thread_in_native, id=12336, stack(0x0000004f63600000,0x0000004f63700000)]
  0x000001e482317000 JavaThread "Service Thread" daemon [_thread_blocked, id=10188, stack(0x0000004f63700000,0x0000004f63800000)]

Other Threads:
  0x000001e4ff5ce000 VMThread "VM Thread" [stack: 0x0000004f62b00000,0x0000004f62c00000] [id=9488]
  0x000001e482317800 WatcherThread [stack: 0x0000004f63800000,0x0000004f63900000] [id=3864]
  0x000001e4e326d000 GCTaskThread "GC Thread#0" [stack: 0x0000004f62600000,0x0000004f62700000] [id=13056]
  0x000001e4e329c800 ConcurrentGCThread "G1 Main Marker" [stack: 0x0000004f62700000,0x0000004f62800000] [id=11708]
  0x000001e4e32a0000 ConcurrentGCThread "G1 Conc#0" [stack: 0x0000004f62800000,0x0000004f62900000] [id=12356]
  0x000001e4ff40c800 ConcurrentGCThread "G1 Refine#0" [stack: 0x0000004f62900000,0x0000004f62a00000] [id=11904]
  0x000001e4ff40f000 ConcurrentGCThread "G1 Young RemSet Sampling" [stack: 0x0000004f62a00000,0x0000004f62b00000] [id=11544]

Threads with active compile tasks:

VM state:not at safepoint (normal execution)

VM Mutex/Monitor currently owned by a thread: None

Heap address: 0x0000000081e00000, size: 2018 MB, Compressed Oops mode: 32-bit
Narrow klass base: 0x0000000000000000, Narrow klass shift: 3
Compressed class space size: 1073741824 Address: 0x0000000100000000

Heap:
 garbage-first heap   total 131072K, used 5120K [0x0000000081e00000, 0x0000000100000000)
  region size 1024K, 6 young (6144K), 0 survivors (0K)
 Metaspace       used 8931K, capacity 9058K, committed 9344K, reserved 1058816K
  class space    used 779K, capacity 802K, committed 896K, reserved 1048576K
Heap Regions: E=young(eden), S=young(survivor), O=old, HS=humongous(starts), HC=humongous(continues), CS=collection set, F=free, A=archive, TAMS=top-at-mark-start (previous, next)
|   0|0x0000000081e00000, 0x0000000081e00000, 0x0000000081f00000|  0%| F|  |TAMS 0x0000000081e00000, 0x0000000081e00000| Untracked 
|   1|0x0000000081f00000, 0x0000000081f00000, 0x0000000082000000|  0%| F|  |TAMS 0x0000000081f00000, 0x0000000081f00000| Untracked 
|   2|0x0000000082000000, 0x0000000082000000, 0x0000000082100000|  0%| F|  |TAMS 0x0000000082000000, 0x0000000082000000| Untracked 
|   3|0x0000000082100000, 0x0000000082100000, 0x0000000082200000|  0%| F|  |TAMS 0x0000000082100000, 0x0000000082100000| Untracked 
|   4|0x0000000082200000, 0x0000000082200000, 0x0000000082300000|  0%| F|  |TAMS 0x0000000082200000, 0x0000000082200000| Untracked 
|   5|0x0000000082300000, 0x0000000082300000, 0x0000000082400000|  0%| F|  |TAMS 0x0000000082300000, 0x0000000082300000| Untracked 
|   6|0x0000000082400000, 0x0000000082400000, 0x0000000082500000|  0%| F|  |TAMS 0x0000000082400000, 0x0000000082400000| Untracked 
|   7|0x0000000082500000, 0x0000000082500000, 0x0000000082600000|  0%| F|  |TAMS 0x0000000082500000, 0x0000000082500000| Untracked 
|   8|0x0000000082600000, 0x0000000082600000, 0x0000000082700000|  0%| F|  |TAMS 0x0000000082600000, 0x0000000082600000| Untracked 
|   9|0x0000000082700000, 0x0000000082700000, 0x0000000082800000|  0%| F|  |TAMS 0x0000000082700000, 0x0000000082700000| Untracked 
|  10|0x0000000082800000, 0x0000000082800000, 0x0000000082900000|  0%| F|  |TAMS 0x0000000082800000, 0x0000000082800000| Untracked 
|  11|0x0000000082900000, 0x0000000082900000, 0x0000000082a00000|  0%| F|  |TAMS 0x0000000082900000, 0x0000000082900000| Untracked 
|  12|0x0000000082a00000, 0x0000000082a00000, 0x0000000082b00000|  0%| F|  |TAMS 0x0000000082a00000, 0x0000000082a00000| Untracked 
|  13|0x0000000082b00000, 0x0000000082b00000, 0x0000000082c00000|  0%| F|  |TAMS 0x0000000082b00000, 0x0000000082b00000| Untracked 
|  14|0x0000000082c00000, 0x0000000082c00000, 0x0000000082d00000|  0%| F|  |TAMS 0x0000000082c00000, 0x0000000082c00000| Untracked 
|  15|0x0000000082d00000, 0x0000000082d00000, 0x0000000082e00000|  0%| F|  |TAMS 0x0000000082d00000, 0x0000000082d00000| Untracked 
|  16|0x0000000082e00000, 0x0000000082e00000, 0x0000000082f00000|  0%| F|  |TAMS 0x0000000082e00000, 0x0000000082e00000| Untracked 
|  17|0x0000000082f00000, 0x0000000082f00000, 0x0000000083000000|  0%| F|  |TAMS 0x0000000082f00000, 0x0000000082f00000| Untracked 
|  18|0x0000000083000000, 0x0000000083000000, 0x0000000083100000|  0%| F|  |TAMS 0x0000000083000000, 0x0000000083000000| Untracked 
|  19|0x0000000083100000, 0x0000000083100000, 0x0000000083200000|  0%| F|  |TAMS 0x0000000083100000, 0x0000000083100000| Untracked 
|  20|0x0000000083200000, 0x0000000083200000, 0x0000000083300000|  0%| F|  |TAMS 0x0000000083200000, 0x0000000083200000| Untracked 
|  21|0x0000000083300000, 0x0000000083300000, 0x0000000083400000|  0%| F|  |TAMS 0x0000000083300000, 0x0000000083300000| Untracked 
|  22|0x0000000083400000, 0x0000000083400000, 0x0000000083500000|  0%| F|  |TAMS 0x0000000083400000, 0x0000000083400000| Untracked 
|  23|0x0000000083500000, 0x0000000083500000, 0x0000000083600000|  0%| F|  |TAMS 0x0000000083500000, 0x0000000083500000| Untracked 
|  24|0x0000000083600000, 0x0000000083600000, 0x0000000083700000|  0%| F|  |TAMS 0x0000000083600000, 0x0000000083600000| Untracked 
|  25|0x0000000083700000, 0x0000000083700000, 0x0000000083800000|  0%| F|  |TAMS 0x0000000083700000, 0x0000000083700000| Untracked 
|  26|0x0000000083800000, 0x0000000083800000, 0x0000000083900000|  0%| F|  |TAMS 0x0000000083800000, 0x0000000083800000| Untracked 
|  27|0x0000000083900000, 0x0000000083900000, 0x0000000083a00000|  0%| F|  |TAMS 0x0000000083900000, 0x0000000083900000| Untracked 
|  28|0x0000000083a00000, 0x0000000083a00000, 0x0000000083b00000|  0%| F|  |TAMS 0x0000000083a00000, 0x0000000083a00000| Untracked 
|  29|0x0000000083b00000, 0x0000000083b00000, 0x0000000083c00000|  0%| F|  |TAMS 0x0000000083b00000, 0x0000000083b00000| Untracked 
|  30|0x0000000083c00000, 0x0000000083c00000, 0x0000000083d00000|  0%| F|  |TAMS 0x0000000083c00000, 0x0000000083c00000| Untracked 
|  31|0x0000000083d00000, 0x0000000083d00000, 0x0000000083e00000|  0%| F|  |TAMS 0x0000000083d00000, 0x0000000083d00000| Untracked 
|  32|0x0000000083e00000, 0x0000000083e00000, 0x0000000083f00000|  0%| F|  |TAMS 0x0000000083e00000, 0x0000000083e00000| Untracked 
|  33|0x0000000083f00000, 0x0000000083f00000, 0x0000000084000000|  0%| F|  |TAMS 0x0000000083f00000, 0x0000000083f00000| Untracked 
|  34|0x0000000084000000, 0x0000000084000000, 0x0000000084100000|  0%| F|  |TAMS 0x0000000084000000, 0x0000000084000000| Untracked 
|  35|0x0000000084100000, 0x0000000084100000, 0x0000000084200000|  0%| F|  |TAMS 0x0000000084100000, 0x0000000084100000| Untracked 
|  36|0x0000000084200000, 0x0000000084200000, 0x0000000084300000|  0%| F|  |TAMS 0x0000000084200000, 0x0000000084200000| Untracked 
|  37|0x0000000084300000, 0x0000000084300000, 0x0000000084400000|  0%| F|  |TAMS 0x0000000084300000, 0x0000000084300000| Untracked 
|  38|0x0000000084400000, 0x0000000084400000, 0x0000000084500000|  0%| F|  |TAMS 0x0000000084400000, 0x0000000084400000| Untracked 
|  39|0x0000000084500000, 0x0000000084500000, 0x0000000084600000|  0%| F|  |TAMS 0x0000000084500000, 0x0000000084500000| Untracked 
|  40|0x0000000084600000, 0x0000000084600000, 0x0000000084700000|  0%| F|  |TAMS 0x0000000084600000, 0x0000000084600000| Untracked 
|  41|0x0000000084700000, 0x0000000084700000, 0x0000000084800000|  0%| F|  |TAMS 0x0000000084700000, 0x0000000084700000| Untracked 
|  42|0x0000000084800000, 0x0000000084800000, 0x0000000084900000|  0%| F|  |TAMS 0x0000000084800000, 0x0000000084800000| Untracked 
|  43|0x0000000084900000, 0x0000000084900000, 0x0000000084a00000|  0%| F|  |TAMS 0x0000000084900000, 0x0000000084900000| Untracked 
|  44|0x0000000084a00000, 0x0000000084a00000, 0x0000000084b00000|  0%| F|  |TAMS 0x0000000084a00000, 0x0000000084a00000| Untracked 
|  45|0x0000000084b00000, 0x0000000084b00000, 0x0000000084c00000|  0%| F|  |TAMS 0x0000000084b00000, 0x0000000084b00000| Untracked 
|  46|0x0000000084c00000, 0x0000000084c00000, 0x0000000084d00000|  0%| F|  |TAMS 0x0000000084c00000, 0x0000000084c00000| Untracked 
|  47|0x0000000084d00000, 0x0000000084d00000, 0x0000000084e00000|  0%| F|  |TAMS 0x0000000084d00000, 0x0000000084d00000| Untracked 
|  48|0x0000000084e00000, 0x0000000084e00000, 0x0000000084f00000|  0%| F|  |TAMS 0x0000000084e00000, 0x0000000084e00000| Untracked 
|  49|0x0000000084f00000, 0x0000000084f00000, 0x0000000085000000|  0%| F|  |TAMS 0x0000000084f00000, 0x0000000084f00000| Untracked 
|  50|0x0000000085000000, 0x0000000085000000, 0x0000000085100000|  0%| F|  |TAMS 0x0000000085000000, 0x0000000085000000| Untracked 
|  51|0x0000000085100000, 0x0000000085100000, 0x0000000085200000|  0%| F|  |TAMS 0x0000000085100000, 0x0000000085100000| Untracked 
|  52|0x0000000085200000, 0x0000000085200000, 0x0000000085300000|  0%| F|  |TAMS 0x0000000085200000, 0x0000000085200000| Untracked 
|  53|0x0000000085300000, 0x0000000085300000, 0x0000000085400000|  0%| F|  |TAMS 0x0000000085300000, 0x0000000085300000| Untracked 
|  54|0x0000000085400000, 0x0000000085400000, 0x0000000085500000|  0%| F|  |TAMS 0x0000000085400000, 0x0000000085400000| Untracked 
|  55|0x0000000085500000, 0x0000000085500000, 0x0000000085600000|  0%| F|  |TAMS 0x0000000085500000, 0x0000000085500000| Untracked 
|  56|0x0000000085600000, 0x0000000085600000, 0x0000000085700000|  0%| F|  |TAMS 0x0000000085600000, 0x0000000085600000| Untracked 
|  57|0x0000000085700000, 0x0000000085700000, 0x0000000085800000|  0%| F|  |TAMS 0x0000000085700000, 0x0000000085700000| Untracked 
|  58|0x0000000085800000, 0x0000000085800000, 0x0000000085900000|  0%| F|  |TAMS 0x0000000085800000, 0x0000000085800000| Untracked 
|  59|0x0000000085900000, 0x0000000085900000, 0x0000000085a00000|  0%| F|  |TAMS 0x0000000085900000, 0x0000000085900000| Untracked 
|  60|0x0000000085a00000, 0x0000000085a00000, 0x0000000085b00000|  0%| F|  |TAMS 0x0000000085a00000, 0x0000000085a00000| Untracked 
|  61|0x0000000085b00000, 0x0000000085b00000, 0x0000000085c00000|  0%| F|  |TAMS 0x0000000085b00000, 0x0000000085b00000| Untracked 
|  62|0x0000000085c00000, 0x0000000085c00000, 0x0000000085d00000|  0%| F|  |TAMS 0x0000000085c00000, 0x0000000085c00000| Untracked 
|  63|0x0000000085d00000, 0x0000000085d00000, 0x0000000085e00000|  0%| F|  |TAMS 0x0000000085d00000, 0x0000000085d00000| Untracked 
|  64|0x0000000085e00000, 0x0000000085e00000, 0x0000000085f00000|  0%| F|  |TAMS 0x0000000085e00000, 0x0000000085e00000| Untracked 
|  65|0x0000000085f00000, 0x0000000085f00000, 0x0000000086000000|  0%| F|  |TAMS 0x0000000085f00000, 0x0000000085f00000| Untracked 
|  66|0x0000000086000000, 0x0000000086000000, 0x0000000086100000|  0%| F|  |TAMS 0x0000000086000000, 0x0000000086000000| Untracked 
|  67|0x0000000086100000, 0x0000000086100000, 0x0000000086200000|  0%| F|  |TAMS 0x0000000086100000, 0x0000000086100000| Untracked 
|  68|0x0000000086200000, 0x0000000086200000, 0x0000000086300000|  0%| F|  |TAMS 0x0000000086200000, 0x0000000086200000| Untracked 
|  69|0x0000000086300000, 0x0000000086300000, 0x0000000086400000|  0%| F|  |TAMS 0x0000000086300000, 0x0000000086300000| Untracked 
|  70|0x0000000086400000, 0x0000000086400000, 0x0000000086500000|  0%| F|  |TAMS 0x0000000086400000, 0x0000000086400000| Untracked 
|  71|0x0000000086500000, 0x0000000086500000, 0x0000000086600000|  0%| F|  |TAMS 0x0000000086500000, 0x0000000086500000| Untracked 
|  72|0x0000000086600000, 0x0000000086600000, 0x0000000086700000|  0%| F|  |TAMS 0x0000000086600000, 0x0000000086600000| Untracked 
|  73|0x0000000086700000, 0x0000000086700000, 0x0000000086800000|  0%| F|  |TAMS 0x0000000086700000, 0x0000000086700000| Untracked 
|  74|0x0000000086800000, 0x0000000086800000, 0x0000000086900000|  0%| F|  |TAMS 0x0000000086800000, 0x0000000086800000| Untracked 
|  75|0x0000000086900000, 0x0000000086900000, 0x0000000086a00000|  0%| F|  |TAMS 0x0000000086900000, 0x0000000086900000| Untracked 
|  76|0x0000000086a00000, 0x0000000086a00000, 0x0000000086b00000|  0%| F|  |TAMS 0x0000000086a00000, 0x0000000086a00000| Untracked 
|  77|0x0000000086b00000, 0x0000000086b00000, 0x0000000086c00000|  0%| F|  |TAMS 0x0000000086b00000, 0x0000000086b00000| Untracked 
|  78|0x0000000086c00000, 0x0000000086c00000, 0x0000000086d00000|  0%| F|  |TAMS 0x0000000086c00000, 0x0000000086c00000| Untracked 
|  79|0x0000000086d00000, 0x0000000086d00000, 0x0000000086e00000|  0%| F|  |TAMS 0x0000000086d00000, 0x0000000086d00000| Untracked 
|  80|0x0000000086e00000, 0x0000000086e00000, 0x0000000086f00000|  0%| F|  |TAMS 0x0000000086e00000, 0x0000000086e00000| Untracked 
|  81|0x0000000086f00000, 0x0000000086f00000, 0x0000000087000000|  0%| F|  |TAMS 0x0000000086f00000, 0x0000000086f00000| Untracked 
|  82|0x0000000087000000, 0x0000000087000000, 0x0000000087100000|  0%| F|  |TAMS 0x0000000087000000, 0x0000000087000000| Untracked 
|  83|0x0000000087100000, 0x0000000087100000, 0x0000000087200000|  0%| F|  |TAMS 0x0000000087100000, 0x0000000087100000| Untracked 
|  84|0x0000000087200000, 0x0000000087200000, 0x0000000087300000|  0%| F|  |TAMS 0x0000000087200000, 0x0000000087200000| Untracked 
|  85|0x0000000087300000, 0x0000000087300000, 0x0000000087400000|  0%| F|  |TAMS 0x0000000087300000, 0x0000000087300000| Untracked 
|  86|0x0000000087400000, 0x0000000087400000, 0x0000000087500000|  0%| F|  |TAMS 0x0000000087400000, 0x0000000087400000| Untracked 
|  87|0x0000000087500000, 0x0000000087500000, 0x0000000087600000|  0%| F|  |TAMS 0x0000000087500000, 0x0000000087500000| Untracked 
|  88|0x0000000087600000, 0x0000000087600000, 0x0000000087700000|  0%| F|  |TAMS 0x0000000087600000, 0x0000000087600000| Untracked 
|  89|0x0000000087700000, 0x0000000087700000, 0x0000000087800000|  0%| F|  |TAMS 0x0000000087700000, 0x0000000087700000| Untracked 
|  90|0x0000000087800000, 0x0000000087800000, 0x0000000087900000|  0%| F|  |TAMS 0x0000000087800000, 0x0000000087800000| Untracked 
|  91|0x0000000087900000, 0x0000000087900000, 0x0000000087a00000|  0%| F|  |TAMS 0x0000000087900000, 0x0000000087900000| Untracked 
|  92|0x0000000087a00000, 0x0000000087a00000, 0x0000000087b00000|  0%| F|  |TAMS 0x0000000087a00000, 0x0000000087a00000| Untracked 
|  93|0x0000000087b00000, 0x0000000087b00000, 0x0000000087c00000|  0%| F|  |TAMS 0x0000000087b00000, 0x0000000087b00000| Untracked 
|  94|0x0000000087c00000, 0x0000000087c00000, 0x0000000087d00000|  0%| F|  |TAMS 0x0000000087c00000, 0x0000000087c00000| Untracked 
|  95|0x0000000087d00000, 0x0000000087d00000, 0x0000000087e00000|  0%| F|  |TAMS 0x0000000087d00000, 0x0000000087d00000| Untracked 
|  96|0x0000000087e00000, 0x0000000087e00000, 0x0000000087f00000|  0%| F|  |TAMS 0x0000000087e00000, 0x0000000087e00000| Untracked 
|  97|0x0000000087f00000, 0x0000000087f00000, 0x0000000088000000|  0%| F|  |TAMS 0x0000000087f00000, 0x0000000087f00000| Untracked 
|  98|0x0000000088000000, 0x0000000088000000, 0x0000000088100000|  0%| F|  |TAMS 0x0000000088000000, 0x0000000088000000| Untracked 
|  99|0x0000000088100000, 0x0000000088100000, 0x0000000088200000|  0%| F|  |TAMS 0x0000000088100000, 0x0000000088100000| Untracked 
| 100|0x0000000088200000, 0x0000000088200000, 0x0000000088300000|  0%| F|  |TAMS 0x0000000088200000, 0x0000000088200000| Untracked 
| 101|0x0000000088300000, 0x0000000088300000, 0x0000000088400000|  0%| F|  |TAMS 0x0000000088300000, 0x0000000088300000| Untracked 
| 102|0x0000000088400000, 0x0000000088400000, 0x0000000088500000|  0%| F|  |TAMS 0x0000000088400000, 0x0000000088400000| Untracked 
| 103|0x0000000088500000, 0x0000000088500000, 0x0000000088600000|  0%| F|  |TAMS 0x0000000088500000, 0x0000000088500000| Untracked 
| 104|0x0000000088600000, 0x0000000088600000, 0x0000000088700000|  0%| F|  |TAMS 0x0000000088600000, 0x0000000088600000| Untracked 
| 105|0x0000000088700000, 0x0000000088700000, 0x0000000088800000|  0%| F|  |TAMS 0x0000000088700000, 0x0000000088700000| Untracked 
| 106|0x0000000088800000, 0x0000000088800000, 0x0000000088900000|  0%| F|  |TAMS 0x0000000088800000, 0x0000000088800000| Untracked 
| 107|0x0000000088900000, 0x0000000088900000, 0x0000000088a00000|  0%| F|  |TAMS 0x0000000088900000, 0x0000000088900000| Untracked 
| 108|0x0000000088a00000, 0x0000000088a00000, 0x0000000088b00000|  0%| F|  |TAMS 0x0000000088a00000, 0x0000000088a00000| Untracked 
| 109|0x0000000088b00000, 0x0000000088b00000, 0x0000000088c00000|  0%| F|  |TAMS 0x0000000088b00000, 0x0000000088b00000| Untracked 
| 110|0x0000000088c00000, 0x0000000088c00000, 0x0000000088d00000|  0%| F|  |TAMS 0x0000000088c00000, 0x0000000088c00000| Untracked 
| 111|0x0000000088d00000, 0x0000000088d00000, 0x0000000088e00000|  0%| F|  |TAMS 0x0000000088d00000, 0x0000000088d00000| Untracked 
| 112|0x0000000088e00000, 0x0000000088e00000, 0x0000000088f00000|  0%| F|  |TAMS 0x0000000088e00000, 0x0000000088e00000| Untracked 
| 113|0x0000000088f00000, 0x0000000088f00000, 0x0000000089000000|  0%| F|  |TAMS 0x0000000088f00000, 0x0000000088f00000| Untracked 
| 114|0x0000000089000000, 0x0000000089000000, 0x0000000089100000|  0%| F|  |TAMS 0x0000000089000000, 0x0000000089000000| Untracked 
| 115|0x0000000089100000, 0x0000000089100000, 0x0000000089200000|  0%| F|  |TAMS 0x0000000089100000, 0x0000000089100000| Untracked 
| 116|0x0000000089200000, 0x0000000089200000, 0x0000000089300000|  0%| F|  |TAMS 0x0000000089200000, 0x0000000089200000| Untracked 
| 117|0x0000000089300000, 0x0000000089300000, 0x0000000089400000|  0%| F|  |TAMS 0x0000000089300000, 0x0000000089300000| Untracked 
| 118|0x0000000089400000, 0x0000000089400000, 0x0000000089500000|  0%| F|  |TAMS 0x0000000089400000, 0x0000000089400000| Untracked 
| 119|0x0000000089500000, 0x0000000089500000, 0x0000000089600000|  0%| F|  |TAMS 0x0000000089500000, 0x0000000089500000| Untracked 
| 120|0x0000000089600000, 0x0000000089600000, 0x0000000089700000|  0%| F|  |TAMS 0x0000000089600000, 0x0000000089600000| Untracked 
| 121|0x0000000089700000, 0x0000000089700000, 0x0000000089800000|  0%| F|  |TAMS 0x0000000089700000, 0x0000000089700000| Untracked 
| 122|0x0000000089800000, 0x0000000089848330, 0x0000000089900000| 28%| E|  |TAMS 0x0000000089800000, 0x0000000089800000| Complete 
| 123|0x0000000089900000, 0x0000000089a00000, 0x0000000089a00000|100%| E|CS|TAMS 0x0000000089900000, 0x0000000089900000| Complete 
| 124|0x0000000089a00000, 0x0000000089b00000, 0x0000000089b00000|100%| E|CS|TAMS 0x0000000089a00000, 0x0000000089a00000| Complete 
| 125|0x0000000089b00000, 0x0000000089c00000, 0x0000000089c00000|100%| E|CS|TAMS 0x0000000089b00000, 0x0000000089b00000| Complete 
| 126|0x0000000089c00000, 0x0000000089d00000, 0x0000000089d00000|100%| E|CS|TAMS 0x0000000089c00000, 0x0000000089c00000| Complete 
| 127|0x0000000089d00000, 0x0000000089e00000, 0x0000000089e00000|100%| E|CS|TAMS 0x0000000089d00000, 0x0000000089d00000| Complete 

Card table byte_map: [0x000001e4fa980000,0x000001e4fad80000] _byte_map_base: 0x000001e4fa571000

Marking Bits (Prev, Next): (CMBitMap*) 0x000001e4e3293e38, (CMBitMap*) 0x000001e4e3293e70
 Prev Bits: [0x000001e4fb180000, 0x000001e4fd108000)
 Next Bits: [0x000001e4fd110000, 0x000001e4ff098000)

Polling page: 0x000001e4e10f0000

Metaspace:

Usage:
  Non-class:      8.06 MB capacity,     7.96 MB ( 99%) used,    97.20 KB (  1%) free+waste,     6.56 KB ( <1%) overhead. 
      Class:    802.00 KB capacity,   779.21 KB ( 97%) used,    20.35 KB (  3%) free+waste,     2.44 KB ( <1%) overhead. 
       Both:      8.85 MB capacity,     8.72 MB ( 99%) used,   117.55 KB (  1%) free+waste,     9.00 KB ( <1%) overhead. 

Virtual space:
  Non-class space:       10.00 MB reserved,       8.25 MB ( 83%) committed 
      Class space:        1.00 GB reserved,     896.00 KB ( <1%) committed 
             Both:        1.01 GB reserved,       9.13 MB ( <1%) committed 

Chunk freelists:
   Non-Class:  0 bytes
       Class:  3.75 KB
        Both:  3.75 KB

CodeHeap 'non-profiled nmethods': size=120064Kb used=121Kb max_used=121Kb free=119942Kb
 bounds [0x000001e4f3040000, 0x000001e4f32b0000, 0x000001e4fa580000]
CodeHeap 'profiled nmethods': size=120000Kb used=761Kb max_used=761Kb free=119238Kb
 bounds [0x000001e4ebb10000, 0x000001e4ebd80000, 0x000001e4f3040000]
CodeHeap 'non-nmethods': size=5696Kb used=1147Kb max_used=1160Kb free=4548Kb
 bounds [0x000001e4eb580000, 0x000001e4eb7f0000, 0x000001e4ebb10000]
 total_blobs=894 nmethods=431 adapters=276
 compilation: enabled
              stopped_count=0, restarted_count=0
 full_count=0

Compilation events (10 events):
Event: 206.817 Thread 0x000001e48201f000  426       3       org.eclipse.jdt.launching.internal.org.objectweb.asm.ClassReader::readConst (276 bytes)
Event: 206.820 Thread 0x000001e48201f000 nmethod 426 0x000001e4ebbca410 code [0x000001e4ebbca940, 0x000001e4ebbcd370]
Event: 206.820 Thread 0x000001e48201f000  429       1       org.eclipse.jdt.launching.internal.org.objectweb.asm.SymbolTable::getSource (5 bytes)
Event: 206.820 Thread 0x000001e48201f000 nmethod 429 0x000001e4f305d990 code [0x000001e4f305db40, 0x000001e4f305dc58]
Event: 206.820 Thread 0x000001e48201f000  431       1       org.eclipse.jdt.launching.internal.org.objectweb.asm.MethodWriter::hasAsmInstructions (5 bytes)
Event: 206.820 Thread 0x000001e48201f000 nmethod 431 0x000001e4f305dd10 code [0x000001e4f305dec0, 0x000001e4f305dfd8]
Event: 206.820 Thread 0x000001e48201f000  427       1       java.net.URL::getAuthority (5 bytes)
Event: 206.820 Thread 0x000001e48201f000 nmethod 427 0x000001e4f305e090 code [0x000001e4f305e240, 0x000001e4f305e358]
Event: 206.820 Thread 0x000001e48201f000  428       1       java.net.URL::getQuery (5 bytes)
Event: 206.820 Thread 0x000001e48201f000 nmethod 428 0x000001e4f305e410 code [0x000001e4f305e5c0, 0x000001e4f305e6d8]

GC Heap History (0 events):
No events

Deoptimization events (1 events):
Event: 0.345 Thread 0x000001e4e3257000 Uncommon trap: reason=unstable_if action=reinterpret pc=0x000001e4f304f1f8 method=java.lang.String.isLatin1()Z @ 10 c2

Classes redefined (10 events):
Event: 204.752 Thread 0x000001e4ff5ce000 redefined class name=grouping.Ua, count=3
Event: 204.753 Thread 0x000001e4ff5ce000 redefined class name=grouping.Foo, count=3
Event: 204.754 Thread 0x000001e4ff5ce000 redefined class name=grouping.Group, count=3
Event: 204.755 Thread 0x000001e4ff5ce000 redefined class name=grouping.Eua, count=3
Event: 204.756 Thread 0x000001e4ff5ce000 redefined class name=grouping.A, count=3
Event: 206.787 Thread 0x000001e4ff5ce000 redefined class name=grouping.Ua, count=4
Event: 206.788 Thread 0x000001e4ff5ce000 redefined class name=grouping.Foo, count=4
Event: 206.788 Thread 0x000001e4ff5ce000 redefined class name=grouping.Group, count=4
Event: 206.789 Thread 0x000001e4ff5ce000 redefined class name=grouping.Eua, count=4
Event: 206.789 Thread 0x000001e4ff5ce000 redefined class name=grouping.A, count=4

Internal exceptions (0 events):
No events

Events (10 events):
Event: 206.839 Executing VM operation: GetCurrentContendedMonitor
Event: 206.839 Executing VM operation: GetCurrentContendedMonitor done
Event: 208.378 loading class java/nio/CharBuffer
Event: 208.378 loading class java/lang/Readable
Event: 208.378 loading class java/lang/Readable done
Event: 208.378 loading class java/nio/CharBuffer done
Event: 208.378 loading class java/nio/HeapCharBuffer
Event: 208.378 loading class java/nio/HeapCharBuffer done
Event: 208.379 loading class java/nio/charset/CoderResult
Event: 208.379 loading class java/nio/charset/CoderResult done


Dynamic libraries:
0x00007ff79f190000 - 0x00007ff79f1d7000 	C:\Program Files\Java\jdk-11.0.1\bin\javaw.exe
0x00007ffb640e0000 - 0x00007ffb642c1000 	C:\WINDOWS\SYSTEM32\ntdll.dll
0x00007ffb63f20000 - 0x00007ffb63fd2000 	C:\WINDOWS\System32\KERNEL32.DLL
0x00007ffb60700000 - 0x00007ffb60973000 	C:\WINDOWS\System32\KERNELBASE.dll
0x00007ffb61d00000 - 0x00007ffb61da1000 	C:\WINDOWS\System32\ADVAPI32.dll
0x00007ffb62200000 - 0x00007ffb6229e000 	C:\WINDOWS\System32\msvcrt.dll
0x00007ffb61db0000 - 0x00007ffb61e0b000 	C:\WINDOWS\System32\sechost.dll
0x00007ffb61780000 - 0x00007ffb618a4000 	C:\WINDOWS\System32\RPCRT4.dll
0x00007ffb62700000 - 0x00007ffb62890000 	C:\WINDOWS\System32\USER32.dll
0x00007ffb60660000 - 0x00007ffb60680000 	C:\WINDOWS\System32\win32u.dll
0x00007ffb626d0000 - 0x00007ffb626f8000 	C:\WINDOWS\System32\GDI32.dll
0x00007ffb60cc0000 - 0x00007ffb60e52000 	C:\WINDOWS\System32\gdi32full.dll
0x00007ffb60c20000 - 0x00007ffb60cbf000 	C:\WINDOWS\System32\msvcp_win.dll
0x00007ffb604b0000 - 0x00007ffb605aa000 	C:\WINDOWS\System32\ucrtbase.dll
0x00007ffb5b490000 - 0x00007ffb5b6f9000 	C:\WINDOWS\WinSxS\amd64_microsoft.windows.common-controls_6595b64144ccf1df_6.0.17134.472_none_fb3f9af53068156d\COMCTL32.dll
0x00007ffb54a10000 - 0x00007ffb54a1a000 	C:\WINDOWS\SYSTEM32\VERSION.dll
0x00007ffb623a0000 - 0x00007ffb626c2000 	C:\WINDOWS\System32\combase.dll
0x00007ffb60680000 - 0x00007ffb606fa000 	C:\WINDOWS\System32\bcryptPrimitives.dll
0x00007ffb622a0000 - 0x00007ffb622cd000 	C:\WINDOWS\System32\IMM32.DLL
0x00007ffb507b0000 - 0x00007ffb507c6000 	C:\Program Files\Java\jdk-11.0.1\bin\vcruntime140.dll
0x00007ffb30230000 - 0x00007ffb302da000 	C:\Program Files\Java\jdk-11.0.1\bin\msvcp140.dll
0x00007ffb04010000 - 0x00007ffb04b52000 	C:\Program Files\Java\jdk-11.0.1\bin\server\jvm.dll
0x00007ffb62390000 - 0x00007ffb62398000 	C:\WINDOWS\System32\PSAPI.DLL
0x00007ffb5cc70000 - 0x00007ffb5cc79000 	C:\WINDOWS\SYSTEM32\WSOCK32.dll
0x00007ffb62890000 - 0x00007ffb628fc000 	C:\WINDOWS\System32\WS2_32.dll
0x00007ffb5e180000 - 0x00007ffb5e1a3000 	C:\WINDOWS\SYSTEM32\WINMM.dll
0x00007ffb5dc50000 - 0x00007ffb5dc7a000 	C:\WINDOWS\SYSTEM32\WINMMBASE.dll
0x00007ffb605b0000 - 0x00007ffb605f9000 	C:\WINDOWS\System32\cfgmgr32.dll
0x00007ffb60410000 - 0x00007ffb60421000 	C:\WINDOWS\System32\kernel.appcore.dll
0x00007ffb505c0000 - 0x00007ffb505d1000 	C:\Program Files\Java\jdk-11.0.1\bin\verify.dll
0x00007ffb520d0000 - 0x00007ffb52299000 	C:\WINDOWS\SYSTEM32\DBGHELP.DLL
0x00007ffb51fa0000 - 0x00007ffb51fc9000 	C:\WINDOWS\SYSTEM32\dbgcore.DLL
0x00007ffb4c060000 - 0x00007ffb4c089000 	C:\Program Files\Java\jdk-11.0.1\bin\java.dll
0x00007ffb4ba20000 - 0x00007ffb4ba57000 	C:\Program Files\Java\jdk-11.0.1\bin\jdwp.dll
0x00007ffb4bba0000 - 0x00007ffb4bbcf000 	C:\Program Files\Java\jdk-11.0.1\bin\instrument.dll
0x00007ffb4c1e0000 - 0x00007ffb4c1f6000 	C:\Program Files\Java\jdk-11.0.1\bin\zip.dll
0x00007ffb5cca0000 - 0x00007ffb5ccaa000 	C:\Program Files\Java\jdk-11.0.1\bin\jimage.dll
0x00007ffb62900000 - 0x00007ffb63d40000 	C:\WINDOWS\System32\SHELL32.dll
0x00007ffb622d0000 - 0x00007ffb62379000 	C:\WINDOWS\System32\shcore.dll
0x00007ffb60e60000 - 0x00007ffb6156d000 	C:\WINDOWS\System32\windows.storage.dll
0x00007ffb63fe0000 - 0x00007ffb64031000 	C:\WINDOWS\System32\shlwapi.dll
0x00007ffb60490000 - 0x00007ffb604af000 	C:\WINDOWS\System32\profapi.dll
0x00007ffb60440000 - 0x00007ffb6048c000 	C:\WINDOWS\System32\powrprof.dll
0x00007ffb60430000 - 0x00007ffb6043a000 	C:\WINDOWS\System32\FLTLIB.DLL
0x00007ffb53680000 - 0x00007ffb5368a000 	C:\Program Files\Java\jdk-11.0.1\bin\dt_socket.dll
0x00007ffb5fc10000 - 0x00007ffb5fc76000 	C:\WINDOWS\System32\mswsock.dll
0x00007ffb5f9d0000 - 0x00007ffb5fa8e000 	C:\WINDOWS\SYSTEM32\DNSAPI.dll
0x00007ffb640a0000 - 0x00007ffb640a8000 	C:\WINDOWS\System32\NSI.dll
0x00007ffb5f990000 - 0x00007ffb5f9c8000 	C:\WINDOWS\SYSTEM32\IPHLPAPI.DLL
0x00007ffb5aaa0000 - 0x00007ffb5ab12000 	C:\WINDOWS\System32\fwpuclnt.dll
0x00007ffb5fef0000 - 0x00007ffb5ff15000 	C:\WINDOWS\SYSTEM32\bcrypt.dll
0x00007ffb590e0000 - 0x00007ffb590ea000 	C:\Windows\System32\rasadhlp.dll
0x00007ffb4c140000 - 0x00007ffb4c159000 	C:\Program Files\Java\jdk-11.0.1\bin\net.dll
0x00007ffb5bc70000 - 0x00007ffb5bd4d000 	C:\WINDOWS\SYSTEM32\WINHTTP.dll
0x00007ffb4b380000 - 0x00007ffb4b393000 	C:\Program Files\Java\jdk-11.0.1\bin\nio.dll

dbghelp: loaded successfully - version: 4.0.5 - missing functions: none
symbol engine: initialized successfully - sym options: 0x614 - pdb path: .;C:\Program Files\Java\jdk-11.0.1\bin;C:\WINDOWS\SYSTEM32;C:\WINDOWS\WinSxS\amd64_microsoft.windows.common-controls_6595b64144ccf1df_6.0.17134.472_none_fb3f9af53068156d;C:\Program Files\Java\jdk-11.0.1\bin\server

VM Arguments:
jvm_args: -agentlib:jdwp=transport=dt_socket,suspend=y,address=localhost:52907 -javaagent:C:\Users\light\eclipse\jee-2018-12\eclipse\configuration\org.eclipse.osgi\405\0\.cp\lib\javaagent-shaded.jar -Dfile.encoding=Cp1252 
java_command: grouping.Group
java_class_path (initial): C:\Users\light\Documents\ws\wsgrouping2\grouping\bin
Launcher Type: SUN_STANDARD

[Global flags]
     intx CICompilerCount                          = 3                                         {product} {ergonomic}
     uint ConcGCThreads                            = 1                                         {product} {ergonomic}
     uint G1ConcRefinementThreads                  = 4                                         {product} {ergonomic}
   size_t G1HeapRegionSize                         = 1048576                                   {product} {ergonomic}
    uintx GCDrainStackTargetSize                   = 64                                        {product} {ergonomic}
   size_t InitialHeapSize                          = 134217728                                 {product} {ergonomic}
   size_t MarkStackSize                            = 4194304                                   {product} {ergonomic}
   size_t MaxHeapSize                              = 2116026368                                {product} {ergonomic}
   size_t MaxNewSize                               = 1268776960                                {product} {ergonomic}
   size_t MinHeapDeltaBytes                        = 1048576                                   {product} {ergonomic}
    uintx NonNMethodCodeHeapSize                   = 5830092                                {pd product} {ergonomic}
    uintx NonProfiledCodeHeapSize                  = 122914074                              {pd product} {ergonomic}
    uintx ProfiledCodeHeapSize                     = 122914074                              {pd product} {ergonomic}
    uintx ReservedCodeCacheSize                    = 251658240                              {pd product} {ergonomic}
     bool SegmentedCodeCache                       = true                                      {product} {ergonomic}
     bool UseCompressedClassPointers               = true                                 {lp64_product} {ergonomic}
     bool UseCompressedOops                        = true                                 {lp64_product} {ergonomic}
     bool UseG1GC                                  = true                                      {product} {ergonomic}
     bool UseLargePagesIndividualAllocation        = false                                  {pd product} {ergonomic}

Logging:
Log output configuration:
 #0: stdout all=warning uptime,level,tags
 #1: stderr all=off uptime,level,tags

Environment Variables:
JAVA_HOME=C:\Program Files\Java\jdk1.8.0_171
PATH=C:/Program Files/Java/jre1.8.0_171/bin/server;C:/Program Files/Java/jre1.8.0_171/bin;C:/Program Files/Java/jre1.8.0_171/lib/amd64;C:\oraclexe\app\oracle\product\11.2.0\server\bin;C:\Program Files (x86)\Common Files\Oracle\Java\javapath;C:\WINDOWS\system32;C:\WINDOWS;C:\WINDOWS\System32\Wbem;C:\WINDOWS\System32\WindowsPowerShell\v1.0\;C:\Program Files\Git\cmd;C:\Program Files\Git\mingw64\bin;C:\Program Files\Git\usr\bin;C:\PostgreSQL\pg10\bin;C:\ProgramData\ComposerSetup\bin;C:\WINDOWS\System32\OpenSSH\;C:\Program Files\PuTTY\;C:\Program Files\Java\jre7;C:\Program Files\Java\jdk1.8.0_171\bin;C:\Users\light\Desktop\essay\apache-tomcat-9.0.10\bin;C:\Program Files\Microsoft VS Code\bin;C:\Program Files\nodejs\;C:\Users\light\AppData\Local\Microsoft\WindowsApps;C:\Users\light\AppData\Local\atom\bin;C:\Users\light\AppData\Roaming\npm;C:\WINDOWS\system32;
USERNAME=light
OS=Windows_NT
PROCESSOR_IDENTIFIER=Intel64 Family 6 Model 58 Stepping 9, GenuineIntel



---------------  S Y S T E M  ---------------

OS: Windows 10 , 64 bit Build 17134 (10.0.17134.1)

CPU:total 4 (initial active 4) (4 cores per cpu, 1 threads per core) family 6 model 58 stepping 9, cmov, cx8, fxsr, mmx, sse, sse2, sse3, ssse3, sse4.1, sse4.2, popcnt, avx, aes, clmul, erms, tsc, tscinvbit, tscinv

Memory: 4k page, system-wide physical 8067M (3793M free)
TotalPageFile size 10883M (AvailPageFile size 3758M)
current process WorkingSet (physical memory assigned to process): 43M, peak: 51M
current process commit charge ("private bytes"): 201M, peak: 209M

vm_info: Java HotSpot(TM) 64-Bit Server VM (11.0.1+13-LTS) for windows-amd64 JRE (11.0.1+13-LTS), built on Oct  6 2018 13:20:16 by "mach5one" with MS VC++ 15.5 (VS2017)

END.
